<?xml version="1.0" encoding="UTF-8"?>
<!-- Generated by org.testng.reporters.JUnitReportReporter -->
<testsuite skipped="3" hostname="Jake" name="inventorymanagement.EditProduct" tests="4" failures="0" timestamp="30 Aug 2017 11:37:32 GMT" time="0.010" errors="0">
  <testcase name="Fail" time="0.001" classname="inventorymanagement.EditProduct">
    <skipped/>
  </testcase> <!-- Fail -->
  <testcase name="Fail" time="0.001" classname="inventorymanagement.EditProduct">
    <skipped/>
  </testcase> <!-- Fail -->
  <testcase name="Fail" time="0.008" classname="inventorymanagement.EditProduct">
    <skipped/>
  </testcase> <!-- Fail -->
  <testcase name="Fail" time="0.000" classname="inventorymanagement.EditProduct"/>
</testsuite> <!-- inventorymanagement.EditProduct -->
