<?xml version="1.0" encoding="UTF-8"?>
<!-- Generated by org.testng.reporters.JUnitReportReporter -->
<testsuite hostname="Jake" name="testcases.AddProduct" tests="1" failures="0" timestamp="17 Aug 2017 10:54:11 GMT" time="35.660" errors="0">
  <testcase name="AddingProduct" time="35.660" classname="testcases.AddProduct"/>
</testsuite> <!-- testcases.AddProduct -->
