<?xml version="1.0" encoding="UTF-8"?>
<!-- Generated by org.testng.reporters.JUnitReportReporter -->
<testsuite skipped="0" hostname="Jake" name="com.automation.inventorymanagement.ValidateInitial" tests="1" failures="0" timestamp="23 Sep 2017 01:02:26 GMT" time="47.335" errors="0">
  <testcase name="ValidateInitialDef" time="47.335" classname="com.automation.inventorymanagement.ValidateInitial"/>
</testsuite> <!-- com.automation.inventorymanagement.ValidateInitial -->
