<?xml version="1.0" encoding="UTF-8"?>
<!-- Generated by org.testng.reporters.JUnitReportReporter -->
<testsuite skipped="0" hostname="Jake" name="inventorymanagement.ValidateLogin" tests="7" failures="0" timestamp="11 Sep 2017 11:20:05 GMT" time="95.823" errors="0">
  <testcase name="Valogin" time="14.655" classname="inventorymanagement.ValidateLogin"/>
  <testcase name="Valogin" time="12.772" classname="inventorymanagement.ValidateLogin"/>
  <testcase name="Valogin" time="14.304" classname="inventorymanagement.ValidateLogin"/>
  <testcase name="Valogin" time="14.251" classname="inventorymanagement.ValidateLogin"/>
  <testcase name="Valogin" time="12.877" classname="inventorymanagement.ValidateLogin"/>
  <testcase name="Valogin" time="14.171" classname="inventorymanagement.ValidateLogin"/>
  <testcase name="Valogin" time="12.793" classname="inventorymanagement.ValidateLogin"/>
</testsuite> <!-- inventorymanagement.ValidateLogin -->
