<?xml version="1.0" encoding="UTF-8"?>
<!-- Generated by org.testng.reporters.JUnitReportReporter -->
<testsuite skipped="0" hostname="Jake" name="com.automation.inventorymanagement.Maps" tests="1" failures="0" timestamp="24 Sep 2017 12:23:42 GMT" time="20.547" errors="0">
  <testcase name="navigateToCMS" time="20.547" classname="com.automation.inventorymanagement.Maps"/>
</testsuite> <!-- com.automation.inventorymanagement.Maps -->
