<?xml version="1.0" encoding="UTF-8"?>
<!-- Generated by org.testng.reporters.JUnitReportReporter -->
<testsuite skipped="0" hostname="Jake" name="com.automation.testbase.TestBase" tests="1" failures="0" timestamp="23 Sep 2017 00:31:29 GMT" time="0.008" errors="0">
  <testcase name="getData" time="0.008" classname="com.automation.testbase.TestBase"/>
</testsuite> <!-- com.automation.testbase.TestBase -->
