<?xml version="1.0" encoding="UTF-8"?>
<!-- Generated by org.testng.reporters.JUnitReportReporter -->
<testsuite skipped="0" hostname="Jake" name="com.automation.inventorymanagement.ValidateUnitOfMeasure" tests="1" failures="0" timestamp="23 Sep 2017 14:54:17 GMT" time="50.075" errors="0">
  <testcase name="ValidateDefineUnitofMeasureforQuantity" time="50.075" classname="com.automation.inventorymanagement.ValidateUnitOfMeasure"/>
</testsuite> <!-- com.automation.inventorymanagement.ValidateUnitOfMeasure -->
