<?xml version="1.0" encoding="UTF-8"?>
<!-- Generated by org.testng.reporters.JUnitReportReporter -->
<testsuite skipped="0" hostname="Jake" name="inventorymanagement.AddProduct" tests="2" failures="0" timestamp="11 Sep 2017 12:46:54 GMT" time="60.711" errors="0">
  <testcase name="AddingProduct" time="25.898" classname="inventorymanagement.AddProduct"/>
  <testcase name="AddingProduct" time="34.813" classname="inventorymanagement.AddProduct"/>
</testsuite> <!-- inventorymanagement.AddProduct -->
