<?xml version="1.0" encoding="UTF-8"?>
<!-- Generated by org.testng.reporters.JUnitReportReporter -->
<testsuite skipped="0" hostname="Jake" name="inventorymanagement.DefineUnitofMeasureforQuantity" tests="2" failures="0" timestamp="24 Aug 2017 10:47:19 GMT" time="74.847" errors="0">
  <testcase name="ValidateInitial" time="39.267" classname="inventorymanagement.DefineUnitofMeasureforQuantity"/>
  <testcase name="ValidateDefineUnitofMeasureforQuantity" time="35.580" classname="inventorymanagement.DefineUnitofMeasureforQuantity"/>
</testsuite> <!-- inventorymanagement.DefineUnitofMeasureforQuantity -->
