<?xml version="1.0" encoding="UTF-8"?>
<!-- Generated by org.testng.reporters.JUnitReportReporter -->
<testsuite skipped="0" hostname="Jake" name="inventorymanagement.ValidateInitial" tests="1" failures="0" timestamp="11 Sep 2017 12:46:54 GMT" time="46.296" errors="0">
  <testcase name="ValidateInitialDef" time="46.296" classname="inventorymanagement.ValidateInitial"/>
</testsuite> <!-- inventorymanagement.ValidateInitial -->
