<?xml version="1.0" encoding="UTF-8"?>
<!-- Generated by org.testng.reporters.JUnitReportReporter -->
<testsuite skipped="0" hostname="Jake" name="Base.TestBase" tests="1" failures="0" timestamp="20 Aug 2017 07:29:42 GMT" time="0.008" errors="0">
  <testcase name="Initializer" time="0.008" classname="Base.TestBase"/>
</testsuite> <!-- Base.TestBase -->
