<?xml version="1.0" encoding="UTF-8"?>
<!-- Generated by org.testng.reporters.JUnitReportReporter -->
<testsuite skipped="0" hostname="Jake" name="inventorymanagement.ValidateUnitOfMeasure" tests="1" failures="0" timestamp="11 Sep 2017 12:46:54 GMT" time="34.937" errors="0">
  <testcase name="ValidateDefineUnitofMeasureforQuantity" time="34.937" classname="inventorymanagement.ValidateUnitOfMeasure"/>
</testsuite> <!-- inventorymanagement.ValidateUnitOfMeasure -->
