<?xml version="1.0" encoding="UTF-8"?>
<!-- Generated by org.testng.reporters.JUnitReportReporter -->
<testsuite skipped="0" hostname="Jake" name="com.automation.inventorymanagement.AddProduct" tests="1" failures="0" timestamp="28 Sep 2017 10:10:19 GMT" time="64.682" errors="0">
  <testcase name="AddingProduct" time="64.682" classname="com.automation.inventorymanagement.AddProduct"/>
</testsuite> <!-- com.automation.inventorymanagement.AddProduct -->
