<?xml version="1.0" encoding="UTF-8"?>
<!-- Generated by org.testng.reporters.JUnitReportReporter -->
<testsuite hostname="Jake" name="testcases.DefineUnitofMeasureforQuantity" tests="1" failures="0" timestamp="17 Aug 2017 10:54:11 GMT" time="39.846" errors="0">
  <testcase name="ValidateInitial" time="39.846" classname="testcases.DefineUnitofMeasureforQuantity"/>
</testsuite> <!-- testcases.DefineUnitofMeasureforQuantity -->
